2015-12-29_13.54.47; Size=161M, files=419, directories=4; cp;  real	0m3.586s user	0m0.008s sys	0m0.752s 
2015-12-29_13.54.47; Size=161M, files=419, directories=4; tar;  real	0m3.814s user	0m0.008s sys	0m1.032s 
2015-12-29_13.54.47; Size=161M, files=419, directories=4; tarbuffer;  real	0m4.748s user	0m0.048s sys	0m1.248s 
2015-12-29_13.54.47; Size=161M, files=419, directories=4; rsync;  real	0m5.391s user	0m0.724s sys	0m1.184s 
2015-12-29_13.56.00; Size=161M, files=419, directories=4; cp;  real	0m3.222s user	0m0.000s sys	0m0.712s 
2015-12-29_13.56.00; Size=161M, files=419, directories=4; tar;  real	0m3.640s user	0m0.048s sys	0m0.980s 
2015-12-29_13.56.00; Size=161M, files=419, directories=4; tarbuffer;  real	0m4.195s user	0m0.040s sys	0m1.140s 
2015-12-29_13.56.00; Size=161M, files=419, directories=4; rsync;  real	0m5.332s user	0m0.792s sys	0m1.084s 
2015-12-29_13.56.42; Size=161M, files=419, directories=4; cp;  real	0m3.207s user	0m0.000s sys	0m0.716s 
2015-12-29_13.56.42; Size=161M, files=419, directories=4; tar;  real	0m3.687s user	0m0.068s sys	0m0.948s 
2015-12-29_13.56.42; Size=161M, files=419, directories=4; tarbuffer;  real	0m4.180s user	0m0.008s sys	0m1.188s 
2015-12-29_13.56.42; Size=161M, files=419, directories=4; rsync;  real	0m5.295s user	0m0.744s sys	0m1.116s 
2015-12-29_13.58.24; Size=208M, files=5241, directories=364; cp;  real	0m48.797s user	0m0.036s sys	0m7.592s 
2015-12-29_13.58.24; Size=208M, files=5241, directories=364; tar;  real	0m42.871s user	0m0.024s sys	0m8.444s 
2015-12-29_13.58.24; Size=208M, files=5241, directories=364; tarbuffer;  real	0m42.433s user	0m0.176s sys	0m8.580s 
2015-12-29_13.58.24; Size=208M, files=5241, directories=364; rsync;  real	0m38.885s user	0m0.576s sys	0m11.324s 
2015-12-30_11.29.45; Same disk but different partition; Size=257M, files=4143, directories=993; cp;  real	0m29.173s user	0m0.036s sys	0m6.712s 
2015-12-30_11.29.45; Same disk but different partition; Size=257M, files=4143, directories=993; tar;  real	0m31.784s user	0m0.188s sys	0m6.436s 
2015-12-30_11.29.45; Same disk but different partition; Size=257M, files=4143, directories=993; tarbuffer;  real	0m30.805s user	0m0.152s sys	0m6.604s 
2015-12-30_11.29.45; Same disk but different partition; Size=257M, files=4143, directories=993; rsync;  real	0m52.089s user	0m1.056s sys	0m17.124s 
